<?xml version="1.0" encoding="UTF-8"?>
<!-- Generated by org.testng.reporters.JUnitReportReporter -->
<testsuite skipped="0" hostname="Manpreet" name="com.freecrm.framework.testcases.LoginPageTest" tests="3" failures="0" timestamp="24 Feb 2019 18:30:23 GMT" time="51.646" errors="0">
  <testcase name="loginPageTitleTest" time="13.501" classname="com.freecrm.framework.testcases.LoginPageTest"/>
  <testcase name="loginPageLogoTest" time="13.117" classname="com.freecrm.framework.testcases.LoginPageTest"/>
  <testcase name="loginToCRMTest" time="25.028" classname="com.freecrm.framework.testcases.LoginPageTest"/>
</testsuite> <!-- com.freecrm.framework.testcases.LoginPageTest -->
