<?xml version="1.0" encoding="UTF-8"?>
<!-- Generated by org.testng.reporters.JUnitReportReporter -->
<testsuite skipped="0" hostname="Manpreet" name="com.freecrm.framework.testcases.ContactsTest" tests="4" failures="0" timestamp="06 Mar 2019 16:37:30 GMT" time="166.551" errors="0">
  <testcase name="test001_fillNewContactsForm" time="44.008" classname="com.freecrm.framework.testcases.ContactsTest"/>
  <testcase name="test001_fillNewContactsForm" time="38.729" classname="com.freecrm.framework.testcases.ContactsTest"/>
  <testcase name="test001_fillNewContactsForm" time="38.601" classname="com.freecrm.framework.testcases.ContactsTest"/>
  <testcase name="test001_fillNewContactsForm" time="45.213" classname="com.freecrm.framework.testcases.ContactsTest"/>
</testsuite> <!-- com.freecrm.framework.testcases.ContactsTest -->
