<?xml version="1.0" encoding="UTF-8"?>
<!-- Generated by org.testng.reporters.JUnitReportReporter -->
<testsuite skipped="0" hostname="Manpreet" name="com.freecrm.framework.testcases.HomePageTest" tests="2" failures="0" timestamp="24 Feb 2019 17:50:42 GMT" time="45.810" errors="0">
  <testcase name="homePageTitleTest" time="24.578" classname="com.freecrm.framework.testcases.HomePageTest"/>
  <testcase name="homePageLogoTest" time="21.232" classname="com.freecrm.framework.testcases.HomePageTest"/>
</testsuite> <!-- com.freecrm.framework.testcases.HomePageTest -->
