<?xml version="1.0" encoding="UTF-8"?>
<!-- Generated by org.testng.reporters.JUnitReportReporter -->
<testsuite skipped="0" hostname="PU-NB-MSIN" name="com.freecrm.framework.testcases.LoginPageTest" tests="3" failures="0" timestamp="19 Feb 2019 11:27:22 GMT" time="35.660" errors="0">
  <testcase name="loginPageTitleTest" time="8.149" classname="com.freecrm.framework.testcases.LoginPageTest"/>
  <testcase name="loginPageLogoTest" time="8.332" classname="com.freecrm.framework.testcases.LoginPageTest"/>
  <testcase name="loginToCRMTest" time="19.179" classname="com.freecrm.framework.testcases.LoginPageTest"/>
</testsuite> <!-- com.freecrm.framework.testcases.LoginPageTest -->
