<?xml version="1.0" encoding="UTF-8"?>
<!-- Generated by org.testng.reporters.JUnitReportReporter -->
<testsuite skipped="0" hostname="Manpreet" name="com.freecrm.framework.testcases.CompaniesTest" tests="4" failures="0" timestamp="24 Feb 2019 10:27:02 GMT" time="30.968" errors="0">
  <testcase name="test001_navigateToHomePage" time="11.436" classname="com.freecrm.framework.testcases.CompaniesTest"/>
  <testcase name="test002_navigateToCompaniesPage" time="5.240" classname="com.freecrm.framework.testcases.CompaniesTest"/>
  <testcase name="test003_clickCreateNewCompany" time="7.390" classname="com.freecrm.framework.testcases.CompaniesTest"/>
  <testcase name="test004_fillNewCompanyForm" time="6.902" classname="com.freecrm.framework.testcases.CompaniesTest"/>
</testsuite> <!-- com.freecrm.framework.testcases.CompaniesTest -->
