<?xml version="1.0" encoding="UTF-8"?>
<!-- Generated by org.testng.reporters.JUnitReportReporter -->
<testsuite skipped="0" hostname="PU-NB-MSIN" name="com.freecrm.framework.testcases.ContactsTest" tests="3" failures="0" timestamp="20 Feb 2019 11:50:36 GMT" time="93.617" errors="0">
  <testcase name="test001_fillNewContactsForm" time="32.075" classname="com.freecrm.framework.testcases.ContactsTest"/>
  <testcase name="test001_fillNewContactsForm" time="30.904" classname="com.freecrm.framework.testcases.ContactsTest"/>
  <testcase name="test001_fillNewContactsForm" time="30.638" classname="com.freecrm.framework.testcases.ContactsTest"/>
</testsuite> <!-- com.freecrm.framework.testcases.ContactsTest -->
