<?xml version="1.0" encoding="UTF-8"?>
<!-- Generated by org.testng.reporters.JUnitReportReporter -->
<testsuite skipped="0" hostname="PU-NB-MSIN" name="com.freecrm.framework.testcases.HomePageTest" tests="2" failures="0" timestamp="19 Feb 2019 11:27:22 GMT" time="31.743" errors="0">
  <testcase name="homePageTitleTest" time="15.701" classname="com.freecrm.framework.testcases.HomePageTest"/>
  <testcase name="homePageLogoTest" time="16.042" classname="com.freecrm.framework.testcases.HomePageTest"/>
</testsuite> <!-- com.freecrm.framework.testcases.HomePageTest -->
