<?xml version="1.0" encoding="UTF-8"?>
<!-- Generated by org.testng.reporters.JUnitReportReporter -->
<testsuite skipped="0" hostname="Manpreet" name="com.freecrm.framework.testcases.LoginPageTest" tests="3" failures="0" timestamp="13 Mar 2019 15:47:33 GMT" time="50.773" errors="0">
  <testcase name="loginPageTitleTest" time="12.868" classname="com.freecrm.framework.testcases.LoginPageTest"/>
  <testcase name="loginPageLogoTest" time="10.595" classname="com.freecrm.framework.testcases.LoginPageTest"/>
  <testcase name="loginToCRMTest" time="27.310" classname="com.freecrm.framework.testcases.LoginPageTest"/>
</testsuite> <!-- com.freecrm.framework.testcases.LoginPageTest -->
