<?xml version="1.0" encoding="UTF-8"?>
<!-- Generated by org.testng.reporters.JUnitReportReporter -->
<testsuite skipped="0" hostname="PU-NB-MSIN" name="com.freecrm.framework.testcases.LoginPageTest" tests="3" failures="0" timestamp="20 Feb 2019 07:20:24 GMT" time="47.967" errors="0">
  <testcase name="loginPageTitleTest" time="13.759" classname="com.freecrm.framework.testcases.LoginPageTest"/>
  <testcase name="loginPageLogoTest" time="11.249" classname="com.freecrm.framework.testcases.LoginPageTest"/>
  <testcase name="loginToCRMTest" time="22.959" classname="com.freecrm.framework.testcases.LoginPageTest"/>
</testsuite> <!-- com.freecrm.framework.testcases.LoginPageTest -->
