<?xml version="1.0" encoding="UTF-8"?>
<!-- Generated by org.testng.reporters.JUnitReportReporter -->
<testsuite skipped="0" hostname="PU-NB-MSIN" name="com.freecrm.framework.testcases.HomePageTest" tests="2" failures="0" timestamp="20 Feb 2019 09:50:55 GMT" time="36.235" errors="0">
  <testcase name="homePageTitleTest" time="18.410" classname="com.freecrm.framework.testcases.HomePageTest"/>
  <testcase name="homePageLogoTest" time="17.825" classname="com.freecrm.framework.testcases.HomePageTest"/>
</testsuite> <!-- com.freecrm.framework.testcases.HomePageTest -->
