<?xml version="1.0" encoding="UTF-8"?>
<!-- Generated by org.testng.reporters.JUnitReportReporter -->
<testsuite skipped="0" hostname="PU-NB-MSIN" name="com.freecrm.framework.testcases.LoginPageTest" tests="3" failures="0" timestamp="20 Feb 2019 09:50:55 GMT" time="46.081" errors="0">
  <testcase name="loginPageTitleTest" time="11.181" classname="com.freecrm.framework.testcases.LoginPageTest"/>
  <testcase name="loginPageLogoTest" time="11.144" classname="com.freecrm.framework.testcases.LoginPageTest"/>
  <testcase name="loginToCRMTest" time="23.756" classname="com.freecrm.framework.testcases.LoginPageTest"/>
</testsuite> <!-- com.freecrm.framework.testcases.LoginPageTest -->
