<?xml version="1.0" encoding="UTF-8"?>
<!-- Generated by org.testng.reporters.JUnitReportReporter -->
<testsuite skipped="0" hostname="PU-NB-MSIN" name="com.freecrm.framework.testcases.CompaniesTest" tests="4" failures="0" timestamp="19 Feb 2019 10:27:54 GMT" time="29.573" errors="0">
  <testcase name="test002_navigateToCompaniesPage" time="5.048" classname="com.freecrm.framework.testcases.CompaniesTest"/>
  <testcase name="test001_navigateToHomePage" time="10.850" classname="com.freecrm.framework.testcases.CompaniesTest"/>
  <testcase name="test003_clickCreateNewCompany" time="7.410" classname="com.freecrm.framework.testcases.CompaniesTest"/>
  <testcase name="test004_fillNewCompanyForm" time="6.265" classname="com.freecrm.framework.testcases.CompaniesTest"/>
</testsuite> <!-- com.freecrm.framework.testcases.CompaniesTest -->
